<?xml version="1.0" encoding="UTF-8"?>
<testsuite xmlns:xsi="http://www.w3.org/2001/XMLSchema-instance" xsi:noNamespaceSchemaLocation="https://maven.apache.org/surefire/maven-surefire-plugin/xsd/surefire-test-report.xsd" name="cucumber_options.TestRunner" time="15.129" tests="14" errors="0" skipped="0" failures="2">
  <properties>
[...]
</properties>
  <testcase name="Validate AddCarAPI adds car (with scope check)" classname="Validating AutoGroup Car API&apos;s" time="7.257"/>
  <testcase name="Validate AddCarAPI adds Multiple car (with scope check) #1" classname="Validating AutoGroup Car API&apos;s" time="0.48"/>
  <testcase name="Validate AddCarAPI adds Multiple car (with scope check) #2" classname="Validating AutoGroup Car API&apos;s" time="0.443"/>
  <testcase name="Validate AddCarAPI adds Multiple car (with scope check) #3" classname="Validating AutoGroup Car API&apos;s" time="0.395"/>
  <testcase name="AddCarAPI required field control" classname="Validating AutoGroup Car API&apos;s" time="0.419"/>
  <testcase name="InValidate AddCarAPI retrieves user (Invalid UserId)" classname="Validating AutoGroup Car API&apos;s" time="0.53"/>
  <testcase name="Validate GetCarAPI retrieves user (following AddCarAPI)" classname="Validating AutoGroup Car API&apos;s" time="0.616"/>
  <testcase name="Validate PutCarAPI adds car (with scope check)" classname="Validating AutoGroup Car API&apos;s" time="1.232">
    <failure message="expected:&lt;[&lt;DemoURL&gt;]&gt; but was:&lt;[Updated]&gt;" type="org.junit.ComparisonFailure"><![CDATA[org.junit.ComparisonFailure: expected:<[<DemoURL>]> but was:<[Updated]>
]]></failure>
    <system-out><![CDATA[
@AddUser @AddCar @OnlyAdd @Smoke
Scenario Outline: Validate PutCarAPI adds car (with scope check)                            # src/test/java/features/CarValidations.feature:99
  Given a valid AddUserAPI payload with data "aliboztemir@gmail.com" "ali boztemir"         # step_definitions.AutoGroupValStepDefinition.a_valid_add_user_apÄ±_payload_with_data(java.lang.String,java.lang.String)
  When AddUserAPI request is sent as Post HTTP request                                      # step_definitions.AutoGroupValStepDefinition.request_is_sent_as_http_request(java.lang.String,java.lang.String)
  Then success response is sent back with status code 200                                   # step_definitions.AutoGroupValStepDefinition.response_is_sent_back_with_status_code(int)
  Given a valid AddCarAPI payload with data "<Audi>" "<A7 Sportback>" "<DemoURL>"           # step_definitions.AutoGroupValStepDefinition.a_valid_add_car_apÄ±_payload_with_data(java.lang.String,java.lang.String,java.lang.String)
  When AddCarAPI request is sent as Post HTTP request                                       # step_definitions.AutoGroupValStepDefinition.request_is_sent_as_http_request(java.lang.String,java.lang.String)
  Then success response is sent back with status code 200                                   # step_definitions.AutoGroupValStepDefinition.response_is_sent_back_with_status_code(int)
  Given a valid PutCarAPI payload with data "Updated Manifacture" "Updated Model" "Updated" # step_definitions.AutoGroupValStepDefinition.a_valid_put_car_apÄ±_payload_with_data(java.lang.String,java.lang.String,java.lang.String)
  When PutCarAPI request is sent as Put HTTP request                                        # step_definitions.AutoGroupValStepDefinition.request_is_sent_as_http_request(java.lang.String,java.lang.String)
  Then success response is sent back with status code 200                                   # step_definitions.AutoGroupValStepDefinition.response_is_sent_back_with_status_code(int)
  Given a valid GetCarAPI request                                                           # step_definitions.AutoGroupValStepDefinition.a_valid_get_car_api_request(java.lang.String)
  When GetCarAPI request is sent as Get HTTP request                                        # step_definitions.AutoGroupValStepDefinition.request_is_sent_as_http_request(java.lang.String,java.lang.String)
  And manufacture value in response is "Updated Manifacture"                                # step_definitions.AutoGroupValStepDefinition.value_in_response_is(java.lang.String,java.lang.String)
  And model value in response is "Updated Model"                                            # step_definitions.AutoGroupValStepDefinition.value_in_response_is(java.lang.String,java.lang.String)
  And imageUrl value in response is "Updated"                                               # step_definitions.AutoGroupValStepDefinition.value_in_response_is(java.lang.String,java.lang.String)
      org.junit.ComparisonFailure: expected:<[<DemoURL>]> but was:<[Updated]>
	at org.junit.Assert.assertEquals(Assert.java:117)
	at org.junit.Assert.assertEquals(Assert.java:146)
	at step_definitions.AutoGroupValStepDefinition.value_in_response_is(AutoGroupValStepDefinition.java:65)
	at âœ½.imageUrl value in response is "Updated"(file:///C:/Users/ali.boztemir/Desktop/AutoGroup/RestAssuredBDDTests-master/src/test/java/features/CarValidations.feature:94)

  And length of id value in response must be greater than zero                              # step_definitions.AutoGroupValStepDefinition.length_of_id_value_in_response_must_be_greater_than_zero(java.lang.String)
]]></system-out>
  </testcase>
  <testcase name="PutCarAPI required field control" classname="Validating AutoGroup Car API&apos;s" time="0.626">
    <failure message="1 expectation failed.&#10;Expected status code &lt;400&gt; but was &lt;200&gt;.&#10;" type="java.lang.AssertionError"><![CDATA[java.lang.AssertionError: 
1 expectation failed.
Expected status code <400> but was <200>.

]]></failure>
    <system-out><![CDATA[
@AddUser @AddCar @OnlyAdd @Smoke
Scenario Outline: PutCarAPI required field control                                  # src/test/java/features/CarValidations.feature:112
  Given a valid AddUserAPI payload with data "aliboztemir@gmail.com" "ali boztemir" # step_definitions.AutoGroupValStepDefinition.a_valid_add_user_apÄ±_payload_with_data(java.lang.String,java.lang.String)
  When AddUserAPI request is sent as Post HTTP request                              # step_definitions.AutoGroupValStepDefinition.request_is_sent_as_http_request(java.lang.String,java.lang.String)
  Then success response is sent back with status code 200                           # step_definitions.AutoGroupValStepDefinition.response_is_sent_back_with_status_code(int)
  Given a valid AddCarAPI payload with data "<Audi>" "<A7 Sportback>" "<DemoURL>"   # step_definitions.AutoGroupValStepDefinition.a_valid_add_car_apÄ±_payload_with_data(java.lang.String,java.lang.String,java.lang.String)
  When AddCarAPI request is sent as Post HTTP request                               # step_definitions.AutoGroupValStepDefinition.request_is_sent_as_http_request(java.lang.String,java.lang.String)
  Then success response is sent back with status code 200                           # step_definitions.AutoGroupValStepDefinition.response_is_sent_back_with_status_code(int)
  Given a valid PutCarAPI payload with data "" "" "Updated"                         # step_definitions.AutoGroupValStepDefinition.a_valid_put_car_apÄ±_payload_with_data(java.lang.String,java.lang.String,java.lang.String)
  When PutCarAPI request is sent as Put HTTP request                                # step_definitions.AutoGroupValStepDefinition.request_is_sent_as_http_request(java.lang.String,java.lang.String)
  Then success response is sent back with status code 400                           # step_definitions.AutoGroupValStepDefinition.response_is_sent_back_with_status_code(int)
      java.lang.AssertionError: 1 expectation failed.
Expected status code <400> but was <200>.

	at java.base/jdk.internal.reflect.NativeConstructorAccessorImpl.newInstance0(Native Method)
	at java.base/jdk.internal.reflect.NativeConstructorAccessorImpl.newInstance(NativeConstructorAccessorImpl.java:62)
	at java.base/jdk.internal.reflect.DelegatingConstructorAccessorImpl.newInstance(DelegatingConstructorAccessorImpl.java:45)
	at java.base/java.lang.reflect.Constructor.newInstanceWithCaller(Constructor.java:500)
	at java.base/java.lang.reflect.Constructor.newInstance(Constructor.java:481)
	at org.codehaus.groovy.reflection.CachedConstructor.invoke(CachedConstructor.java:72)
	at org.codehaus.groovy.reflection.CachedConstructor.doConstructorInvoke(CachedConstructor.java:59)
	at org.codehaus.groovy.runtime.callsite.ConstructorSite$ConstructorSiteNoUnwrap.callConstructor(ConstructorSite.java:84)
	at org.codehaus.groovy.runtime.callsite.CallSiteArray.defaultCallConstructor(CallSiteArray.java:59)
	at org.codehaus.groovy.runtime.callsite.AbstractCallSite.callConstructor(AbstractCallSite.java:263)
	at org.codehaus.groovy.runtime.callsite.AbstractCallSite.callConstructor(AbstractCallSite.java:277)
	at io.restassured.internal.ResponseSpecificationImpl$HamcrestAssertionClosure.validate(ResponseSpecificationImpl.groovy:493)
	at io.restassured.internal.ResponseSpecificationImpl$HamcrestAssertionClosure$validate$1.call(Unknown Source)
	at io.restassured.internal.ResponseSpecificationImpl.validate(ResponseSpecificationImpl.groovy:92)
	at io.restassured.internal.ValidatableResponseOptionsImpl.spec(ValidatableResponseOptionsImpl.java:288)
	at io.restassured.internal.ValidatableResponseImpl.super$2$spec(ValidatableResponseImpl.groovy)
	at jdk.internal.reflect.GeneratedMethodAccessor259.invoke(Unknown Source)
	at java.base/jdk.internal.reflect.DelegatingMethodAccessorImpl.invoke(DelegatingMethodAccessorImpl.java:43)
	at java.base/java.lang.reflect.Method.invoke(Method.java:564)
	at org.codehaus.groovy.reflection.CachedMethod.invoke(CachedMethod.java:107)
	at groovy.lang.MetaMethod.doMethodInvoke(MetaMethod.java:323)
	at groovy.lang.MetaClassImpl.invokeMethod(MetaClassImpl.java:1268)
	at org.codehaus.groovy.runtime.ScriptBytecodeAdapter.invokeMethodOnSuperN(ScriptBytecodeAdapter.java:144)
	at io.restassured.internal.ValidatableResponseImpl.spec(ValidatableResponseImpl.groovy:76)
	at io.restassured.internal.ValidatableResponseImpl.spec(ValidatableResponseImpl.groovy)
	at test_resources.AutoGroupRespSpecs.applyRespSpec(AutoGroupRespSpecs.java:27)
	at step_definitions.AutoGroupValStepDefinition.response_is_sent_back_with_status_code(AutoGroupValStepDefinition.java:56)
	at âœ½.success response is sent back with status code 400(file:///C:/Users/ali.boztemir/Desktop/AutoGroup/RestAssuredBDDTests-master/src/test/java/features/CarValidations.feature:108)

]]></system-out>
  </testcase>
  <testcase name="Validate DeleteCarAPI adds car (with scope check) #1" classname="Validating AutoGroup Car API&apos;s" time="0.533"/>
  <testcase name="Validate AddUserAPI adds user (with scope check)" classname="Validating AutoGroup User API&apos;s" time="0.206"/>
  <testcase name="Validate AddUserAPI adds user no name" classname="Validating AutoGroup User API&apos;s" time="0.271"/>
  <testcase name="AddUserAPI required field control" classname="Validating AutoGroup User API&apos;s" time="0.201"/>
  <testcase name="Validate GetUserAPI retrieves user (following AddUserAPI)" classname="Validating AutoGroup User API&apos;s" time="0.336"/>
</testsuite>